<?xml version="1.0" encoding="UTF-8"?>
<testsuite xmlns:xsi="http://www.w3.org/2001/XMLSchema-instance" xsi:noNamespaceSchemaLocation="https://maven.apache.org/surefire/maven-surefire-plugin/xsd/surefire-test-report.xsd" name="ac.za.cput.adp3.xyzcongolmerate.factory.user.UserDemographyFactoryTest" time="0.172" tests="1" errors="1" skipped="0" failures="0">
  <properties>
[...]
</properties>
  <testcase name="buildUserDemography" classname="ac.za.cput.adp3.xyzcongolmerate.factory.user.UserDemographyFactoryTest" time="0.016">
    <error message="Uncompilable source code - Erroneous sym type: ac.za.cput.adp3.xyzcongolmerate.factory.user.UserDemographyFactory.buildUserDemography" type="java.lang.RuntimeException">java.lang.RuntimeException: Uncompilable source code - Erroneous sym type: ac.za.cput.adp3.xyzcongolmerate.factory.user.UserDemographyFactory.buildUserDemography
	at ac.za.cput.adp3.xyzcongolmerate.factory.user.UserDemographyFactoryTest.buildUserDemography(UserDemographyFactoryTest.java:12)
</error>
  </testcase>
</testsuite>